<?xml version="1.0" encoding="UTF-8"?>
<testsuite xmlns:xsi="http://www.w3.org/2001/XMLSchema-instance" xsi:noNamespaceSchemaLocation="https://maven.apache.org/surefire/maven-surefire-plugin/xsd/surefire-test-report-3.0.xsd" version="3.0" name="com.main.service.UserBulkUploadServiceTest" time="1.175" tests="2" errors="0" skipped="0" failures="0">
  <properties>
[...]
</properties>
  <testcase name="testUploadExcel_createsJobAndInvokesProxy" classname="com.main.service.UserBulkUploadServiceTest" time="0.124"/>
  <testcase name="testExcelStreamProcessor_andAsyncProcessing(Path)" classname="com.main.service.UserBulkUploadServiceTest" time="1.049"/>
</testsuite>